<?xml version="1.0" encoding="UTF-8"?>
<testng-results skipped="0" failed="0" total="0" passed="0">
  <reporter-output>
  </reporter-output>
  <suite name="com.eidiko.AppTest" duration-ms="0" started-at="2017-02-13T18:29:43Z" finished-at="2017-02-13T18:29:43Z">
    <groups>
    </groups>
    <test name="Command line test" duration-ms="0" started-at="2017-02-13T18:29:43Z" finished-at="2017-02-13T18:29:43Z">
    </test> <!-- Command line test -->
  </suite> <!-- com.eidiko.AppTest -->
</testng-results>
